{"C:\\Users\\Mougni\\Documents\\YNOV\\M2\\contrat_ancien\\authentification\\src\\controllers\\auth.controller.js": {"path":"C:\\Users\\Mougni\\Documents\\YNOV\\M2\\contrat_ancien\\authentification\\src\\controllers\\auth.controller.js","statementMap":{"0":{"start":{"line":1,"column":20},"end":{"line":1,"column":54}},"1":{"start":{"line":3,"column":14},"end":{"line":28,"column":1}},"2":{"start":{"line":4,"column":2},"end":{"line":27,"column":3}},"3":{"start":{"line":5,"column":32},"end":{"line":5,"column":40}},"4":{"start":{"line":6,"column":19},"end":{"line":6,"column":59}},"5":{"start":{"line":8,"column":4},"end":{"line":11,"column":7}},"6":{"start":{"line":13,"column":4},"end":{"line":13,"column":42}},"7":{"start":{"line":15,"column":4},"end":{"line":21,"column":5}},"8":{"start":{"line":17,"column":6},"end":{"line":20,"column":9}},"9":{"start":{"line":23,"column":4},"end":{"line":26,"column":7}},"10":{"start":{"line":30,"column":17},"end":{"line":63,"column":1}},"11":{"start":{"line":31,"column":2},"end":{"line":62,"column":3}},"12":{"start":{"line":32,"column":53},"end":{"line":32,"column":66}},"13":{"start":{"line":33,"column":4},"end":{"line":33,"column":36}},"14":{"start":{"line":34,"column":19},"end":{"line":34,"column":83}},"15":{"start":{"line":36,"column":4},"end":{"line":40,"column":7}},"16":{"start":{"line":42,"column":4},"end":{"line":42,"column":45}},"17":{"start":{"line":44,"column":4},"end":{"line":49,"column":5}},"18":{"start":{"line":45,"column":6},"end":{"line":48,"column":9}},"19":{"start":{"line":51,"column":4},"end":{"line":56,"column":5}},"20":{"start":{"line":52,"column":6},"end":{"line":55,"column":9}},"21":{"start":{"line":58,"column":4},"end":{"line":61,"column":7}},"22":{"start":{"line":65,"column":11},"end":{"line":121,"column":1}},"23":{"start":{"line":66,"column":2},"end":{"line":120,"column":3}},"24":{"start":{"line":68,"column":23},"end":{"line":68,"column":48}},"25":{"start":{"line":70,"column":4},"end":{"line":75,"column":5}},"26":{"start":{"line":71,"column":6},"end":{"line":74,"column":9}},"27":{"start":{"line":77,"column":18},"end":{"line":77,"column":42}},"28":{"start":{"line":79,"column":4},"end":{"line":84,"column":5}},"29":{"start":{"line":80,"column":6},"end":{"line":83,"column":9}},"30":{"start":{"line":87,"column":4},"end":{"line":87,"column":63}},"31":{"start":{"line":89,"column":17},"end":{"line":89,"column":56}},"32":{"start":{"line":91,"column":4},"end":{"line":94,"column":7}},"33":{"start":{"line":96,"column":4},"end":{"line":96,"column":39}},"34":{"start":{"line":98,"column":4},"end":{"line":103,"column":5}},"35":{"start":{"line":99,"column":6},"end":{"line":102,"column":9}},"36":{"start":{"line":105,"column":4},"end":{"line":114,"column":5}},"37":{"start":{"line":110,"column":6},"end":{"line":113,"column":9}},"38":{"start":{"line":116,"column":4},"end":{"line":119,"column":7}},"39":{"start":{"line":123,"column":15},"end":{"line":128,"column":1}},"40":{"start":{"line":124,"column":2},"end":{"line":127,"column":5}},"41":{"start":{"line":130,"column":0},"end":{"line":135,"column":2}}},"fnMap":{"0":{"name":"(anonymous_0)","decl":{"start":{"line":3,"column":14},"end":{"line":3,"column":15}},"loc":{"start":{"line":3,"column":34},"end":{"line":28,"column":1}},"line":3},"1":{"name":"(anonymous_1)","decl":{"start":{"line":30,"column":17},"end":{"line":30,"column":18}},"loc":{"start":{"line":30,"column":37},"end":{"line":63,"column":1}},"line":30},"2":{"name":"(anonymous_2)","decl":{"start":{"line":65,"column":11},"end":{"line":65,"column":12}},"loc":{"start":{"line":65,"column":31},"end":{"line":121,"column":1}},"line":65},"3":{"name":"(anonymous_3)","decl":{"start":{"line":123,"column":15},"end":{"line":123,"column":16}},"loc":{"start":{"line":123,"column":35},"end":{"line":128,"column":1}},"line":123}},"branchMap":{"0":{"loc":{"start":{"line":15,"column":4},"end":{"line":21,"column":5}},"type":"if","locations":[{"start":{"line":15,"column":4},"end":{"line":21,"column":5}},{"start":{},"end":{}}],"line":15},"1":{"loc":{"start":{"line":15,"column":8},"end":{"line":16,"column":50}},"type":"binary-expr","locations":[{"start":{"line":15,"column":8},"end":{"line":15,"column":56}},{"start":{"line":16,"column":8},"end":{"line":16,"column":50}}],"line":15},"2":{"loc":{"start":{"line":44,"column":4},"end":{"line":49,"column":5}},"type":"if","locations":[{"start":{"line":44,"column":4},"end":{"line":49,"column":5}},{"start":{},"end":{}}],"line":44},"3":{"loc":{"start":{"line":44,"column":8},"end":{"line":44,"column":55}},"type":"binary-expr","locations":[{"start":{"line":44,"column":8},"end":{"line":44,"column":22}},{"start":{"line":44,"column":26},"end":{"line":44,"column":55}}],"line":44},"4":{"loc":{"start":{"line":51,"column":4},"end":{"line":56,"column":5}},"type":"if","locations":[{"start":{"line":51,"column":4},"end":{"line":56,"column":5}},{"start":{},"end":{}}],"line":51},"5":{"loc":{"start":{"line":70,"column":4},"end":{"line":75,"column":5}},"type":"if","locations":[{"start":{"line":70,"column":4},"end":{"line":75,"column":5}},{"start":{},"end":{}}],"line":70},"6":{"loc":{"start":{"line":79,"column":4},"end":{"line":84,"column":5}},"type":"if","locations":[{"start":{"line":79,"column":4},"end":{"line":84,"column":5}},{"start":{},"end":{}}],"line":79},"7":{"loc":{"start":{"line":98,"column":4},"end":{"line":103,"column":5}},"type":"if","locations":[{"start":{"line":98,"column":4},"end":{"line":103,"column":5}},{"start":{},"end":{}}],"line":98},"8":{"loc":{"start":{"line":98,"column":8},"end":{"line":98,"column":78}},"type":"binary-expr","locations":[{"start":{"line":98,"column":8},"end":{"line":98,"column":42}},{"start":{"line":98,"column":46},"end":{"line":98,"column":78}}],"line":98},"9":{"loc":{"start":{"line":105,"column":4},"end":{"line":114,"column":5}},"type":"if","locations":[{"start":{"line":105,"column":4},"end":{"line":114,"column":5}},{"start":{},"end":{}}],"line":105},"10":{"loc":{"start":{"line":105,"column":8},"end":{"line":109,"column":54}},"type":"binary-expr","locations":[{"start":{"line":105,"column":8},"end":{"line":105,"column":42}},{"start":{"line":106,"column":8},"end":{"line":106,"column":50}},{"start":{"line":107,"column":8},"end":{"line":107,"column":42}},{"start":{"line":108,"column":8},"end":{"line":108,"column":42}},{"start":{"line":109,"column":8},"end":{"line":109,"column":54}}],"line":105}},"s":{"0":1,"1":1,"2":4,"3":4,"4":4,"5":1,"6":3,"7":3,"8":2,"9":1,"10":1,"11":4,"12":4,"13":4,"14":4,"15":1,"16":3,"17":3,"18":1,"19":2,"20":1,"21":1,"22":1,"23":5,"24":5,"25":5,"26":1,"27":4,"28":4,"29":1,"30":3,"31":3,"32":1,"33":2,"34":2,"35":1,"36":1,"37":1,"38":0,"39":1,"40":1,"41":1},"f":{"0":4,"1":4,"2":5,"3":1},"b":{"0":[2,1],"1":[3,2],"2":[1,2],"3":[3,1],"4":[1,1],"5":[1,4],"6":[1,3],"7":[1,1],"8":[2,1],"9":[1,0],"10":[1,1,1,0,0]},"_coverageSchema":"1a1c01bbd47fc00a2c39e90264f33305004495a9","hash":"f1df1bb05e42cfb9472ee91016e58df5cbb60523"}
,"C:\\Users\\Mougni\\Documents\\YNOV\\M2\\contrat_ancien\\authentification\\src\\middlewares\\authMiddleware.js": {"path":"C:\\Users\\Mougni\\Documents\\YNOV\\M2\\contrat_ancien\\authentification\\src\\middlewares\\authMiddleware.js","statementMap":{"0":{"start":{"line":1,"column":12},"end":{"line":1,"column":35}},"1":{"start":{"line":2,"column":14},"end":{"line":2,"column":30}},"2":{"start":{"line":4,"column":19},"end":{"line":4,"column":41}},"3":{"start":{"line":5,"column":24},"end":{"line":5,"column":51}},"4":{"start":{"line":7,"column":23},"end":{"line":59,"column":1}},"5":{"start":{"line":8,"column":2},"end":{"line":58,"column":3}},"6":{"start":{"line":9,"column":18},"end":{"line":9,"column":86}},"7":{"start":{"line":11,"column":4},"end":{"line":16,"column":5}},"8":{"start":{"line":12,"column":6},"end":{"line":15,"column":8}},"9":{"start":{"line":19,"column":20},"end":{"line":19,"column":49}},"10":{"start":{"line":21,"column":4},"end":{"line":21,"column":35}},"11":{"start":{"line":23,"column":25},"end":{"line":26,"column":6}},"12":{"start":{"line":25,"column":34},"end":{"line":25,"column":46}},"13":{"start":{"line":28,"column":4},"end":{"line":33,"column":5}},"14":{"start":{"line":29,"column":6},"end":{"line":32,"column":8}},"15":{"start":{"line":35,"column":4},"end":{"line":35,"column":37}},"16":{"start":{"line":36,"column":4},"end":{"line":36,"column":10}},"17":{"start":{"line":38,"column":4},"end":{"line":38,"column":51}},"18":{"start":{"line":40,"column":4},"end":{"line":45,"column":5}},"19":{"start":{"line":41,"column":6},"end":{"line":44,"column":8}},"20":{"start":{"line":47,"column":4},"end":{"line":52,"column":5}},"21":{"start":{"line":48,"column":6},"end":{"line":51,"column":8}},"22":{"start":{"line":54,"column":4},"end":{"line":57,"column":6}},"23":{"start":{"line":61,"column":0},"end":{"line":61,"column":31}}},"fnMap":{"0":{"name":"(anonymous_0)","decl":{"start":{"line":7,"column":23},"end":{"line":7,"column":24}},"loc":{"start":{"line":7,"column":49},"end":{"line":59,"column":1}},"line":7},"1":{"name":"(anonymous_1)","decl":{"start":{"line":25,"column":22},"end":{"line":25,"column":23}},"loc":{"start":{"line":25,"column":34},"end":{"line":25,"column":46}},"line":25}},"branchMap":{"0":{"loc":{"start":{"line":9,"column":18},"end":{"line":9,"column":86}},"type":"binary-expr","locations":[{"start":{"line":9,"column":18},"end":{"line":9,"column":43}},{"start":{"line":9,"column":47},"end":{"line":9,"column":86}}],"line":9},"1":{"loc":{"start":{"line":11,"column":4},"end":{"line":16,"column":5}},"type":"if","locations":[{"start":{"line":11,"column":4},"end":{"line":16,"column":5}},{"start":{},"end":{}}],"line":11},"2":{"loc":{"start":{"line":28,"column":4},"end":{"line":33,"column":5}},"type":"if","locations":[{"start":{"line":28,"column":4},"end":{"line":33,"column":5}},{"start":{},"end":{}}],"line":28},"3":{"loc":{"start":{"line":28,"column":8},"end":{"line":28,"column":61}},"type":"binary-expr","locations":[{"start":{"line":28,"column":8},"end":{"line":28,"column":34}},{"start":{"line":28,"column":38},"end":{"line":28,"column":61}}],"line":28},"4":{"loc":{"start":{"line":40,"column":4},"end":{"line":45,"column":5}},"type":"if","locations":[{"start":{"line":40,"column":4},"end":{"line":45,"column":5}},{"start":{},"end":{}}],"line":40},"5":{"loc":{"start":{"line":47,"column":4},"end":{"line":52,"column":5}},"type":"if","locations":[{"start":{"line":47,"column":4},"end":{"line":52,"column":5}},{"start":{},"end":{}}],"line":47}},"s":{"0":1,"1":1,"2":1,"3":1,"4":1,"5":9,"6":9,"7":9,"8":2,"9":7,"10":4,"11":4,"12":0,"13":3,"14":1,"15":2,"16":2,"17":4,"18":4,"19":1,"20":3,"21":1,"22":2,"23":1},"f":{"0":9,"1":0},"b":{"0":[9,8],"1":[2,7],"2":[1,2],"3":[3,2],"4":[1,3],"5":[1,2]},"_coverageSchema":"1a1c01bbd47fc00a2c39e90264f33305004495a9","hash":"e323d7ae2de3fb2af8e515ee6b7476c92f92a18e"}
,"C:\\Users\\Mougni\\Documents\\YNOV\\M2\\contrat_ancien\\authentification\\src\\routes\\auth.route.js": {"path":"C:\\Users\\Mougni\\Documents\\YNOV\\M2\\contrat_ancien\\authentification\\src\\routes\\auth.route.js","statementMap":{"0":{"start":{"line":1,"column":16},"end":{"line":1,"column":34}},"1":{"start":{"line":2,"column":15},"end":{"line":2,"column":31}},"2":{"start":{"line":3,"column":23},"end":{"line":3,"column":63}},"3":{"start":{"line":4,"column":40},"end":{"line":4,"column":81}},"4":{"start":{"line":6,"column":0},"end":{"line":6,"column":28}},"5":{"start":{"line":7,"column":0},"end":{"line":7,"column":34}},"6":{"start":{"line":8,"column":0},"end":{"line":8,"column":46}},"7":{"start":{"line":9,"column":0},"end":{"line":9,"column":21}},"8":{"start":{"line":11,"column":0},"end":{"line":11,"column":23}}},"fnMap":{},"branchMap":{},"s":{"0":1,"1":1,"2":1,"3":1,"4":1,"5":1,"6":1,"7":1,"8":1},"f":{},"b":{},"_coverageSchema":"1a1c01bbd47fc00a2c39e90264f33305004495a9","hash":"b32052fdf5501332935633ac4540477b12659f59"}
,"C:\\Users\\Mougni\\Documents\\YNOV\\M2\\contrat_ancien\\authentification\\src\\services\\authService.js": {"path":"C:\\Users\\Mougni\\Documents\\YNOV\\M2\\contrat_ancien\\authentification\\src\\services\\authService.js","statementMap":{"0":{"start":{"line":1,"column":12},"end":{"line":1,"column":35}},"1":{"start":{"line":2,"column":15},"end":{"line":2,"column":34}},"2":{"start":{"line":3,"column":14},"end":{"line":3,"column":30}},"3":{"start":{"line":5,"column":19},"end":{"line":5,"column":41}},"4":{"start":{"line":6,"column":24},"end":{"line":6,"column":51}},"5":{"start":{"line":7,"column":33},"end":{"line":7,"column":69}},"6":{"start":{"line":11,"column":4},"end":{"line":13,"column":5}},"7":{"start":{"line":12,"column":6},"end":{"line":12,"column":54}},"8":{"start":{"line":16,"column":25},"end":{"line":18,"column":5}},"9":{"start":{"line":20,"column":4},"end":{"line":22,"column":5}},"10":{"start":{"line":21,"column":6},"end":{"line":21,"column":48}},"11":{"start":{"line":24,"column":17},"end":{"line":24,"column":39}},"12":{"start":{"line":27,"column":4},"end":{"line":29,"column":5}},"13":{"start":{"line":28,"column":6},"end":{"line":28,"column":48}},"14":{"start":{"line":32,"column":18},"end":{"line":40,"column":5}},"15":{"start":{"line":43,"column":52},"end":{"line":43,"column":56}},"16":{"start":{"line":45,"column":4},"end":{"line":48,"column":6}},"17":{"start":{"line":52,"column":4},"end":{"line":54,"column":5}},"18":{"start":{"line":53,"column":6},"end":{"line":53,"column":53}},"19":{"start":{"line":57,"column":27},"end":{"line":57,"column":58}},"20":{"start":{"line":60,"column":21},"end":{"line":66,"column":5}},"21":{"start":{"line":68,"column":25},"end":{"line":68,"column":82}},"22":{"start":{"line":70,"column":4},"end":{"line":72,"column":5}},"23":{"start":{"line":71,"column":6},"end":{"line":71,"column":91}},"24":{"start":{"line":74,"column":17},"end":{"line":74,"column":39}},"25":{"start":{"line":77,"column":4},"end":{"line":86,"column":5}},"26":{"start":{"line":78,"column":6},"end":{"line":82,"column":9}},"27":{"start":{"line":84,"column":6},"end":{"line":84,"column":68}},"28":{"start":{"line":89,"column":18},"end":{"line":97,"column":5}},"29":{"start":{"line":100,"column":52},"end":{"line":100,"column":56}},"30":{"start":{"line":101,"column":4},"end":{"line":101,"column":40}},"31":{"start":{"line":102,"column":4},"end":{"line":105,"column":6}},"32":{"start":{"line":112,"column":4},"end":{"line":114,"column":5}},"33":{"start":{"line":113,"column":6},"end":{"line":113,"column":40}},"34":{"start":{"line":121,"column":23},"end":{"line":121,"column":39}},"35":{"start":{"line":122,"column":4},"end":{"line":124,"column":5}},"36":{"start":{"line":123,"column":6},"end":{"line":123,"column":40}},"37":{"start":{"line":126,"column":4},"end":{"line":157,"column":5}},"38":{"start":{"line":128,"column":22},"end":{"line":128,"column":51}},"39":{"start":{"line":131,"column":6},"end":{"line":133,"column":7}},"40":{"start":{"line":132,"column":8},"end":{"line":132,"column":56}},"41":{"start":{"line":136,"column":27},"end":{"line":136,"column":87}},"42":{"start":{"line":138,"column":6},"end":{"line":140,"column":7}},"43":{"start":{"line":139,"column":8},"end":{"line":139,"column":50}},"44":{"start":{"line":142,"column":54},"end":{"line":142,"column":76}},"45":{"start":{"line":144,"column":6},"end":{"line":144,"column":33}},"46":{"start":{"line":147,"column":6},"end":{"line":147,"column":79}},"47":{"start":{"line":148,"column":6},"end":{"line":148,"column":42}},"48":{"start":{"line":150,"column":6},"end":{"line":156,"column":7}},"49":{"start":{"line":151,"column":8},"end":{"line":151,"column":54}},"50":{"start":{"line":152,"column":13},"end":{"line":156,"column":7}},"51":{"start":{"line":153,"column":8},"end":{"line":153,"column":40}},"52":{"start":{"line":155,"column":8},"end":{"line":155,"column":20}},"53":{"start":{"line":161,"column":0},"end":{"line":161,"column":35}}},"fnMap":{"0":{"name":"(anonymous_0)","decl":{"start":{"line":10,"column":2},"end":{"line":10,"column":3}},"loc":{"start":{"line":10,"column":31},"end":{"line":49,"column":3}},"line":10},"1":{"name":"(anonymous_1)","decl":{"start":{"line":51,"column":2},"end":{"line":51,"column":3}},"loc":{"start":{"line":51,"column":55},"end":{"line":106,"column":3}},"line":51},"2":{"name":"(anonymous_2)","decl":{"start":{"line":108,"column":2},"end":{"line":108,"column":3}},"loc":{"start":{"line":108,"column":30},"end":{"line":158,"column":3}},"line":108}},"branchMap":{"0":{"loc":{"start":{"line":11,"column":4},"end":{"line":13,"column":5}},"type":"if","locations":[{"start":{"line":11,"column":4},"end":{"line":13,"column":5}},{"start":{},"end":{}}],"line":11},"1":{"loc":{"start":{"line":11,"column":8},"end":{"line":11,"column":27}},"type":"binary-expr","locations":[{"start":{"line":11,"column":8},"end":{"line":11,"column":14}},{"start":{"line":11,"column":18},"end":{"line":11,"column":27}}],"line":11},"2":{"loc":{"start":{"line":20,"column":4},"end":{"line":22,"column":5}},"type":"if","locations":[{"start":{"line":20,"column":4},"end":{"line":22,"column":5}},{"start":{},"end":{}}],"line":20},"3":{"loc":{"start":{"line":20,"column":8},"end":{"line":20,"column":61}},"type":"binary-expr","locations":[{"start":{"line":20,"column":8},"end":{"line":20,"column":34}},{"start":{"line":20,"column":38},"end":{"line":20,"column":61}}],"line":20},"4":{"loc":{"start":{"line":27,"column":4},"end":{"line":29,"column":5}},"type":"if","locations":[{"start":{"line":27,"column":4},"end":{"line":29,"column":5}},{"start":{},"end":{}}],"line":27},"5":{"loc":{"start":{"line":27,"column":8},"end":{"line":27,"column":74}},"type":"binary-expr","locations":[{"start":{"line":27,"column":8},"end":{"line":27,"column":22}},{"start":{"line":27,"column":26},"end":{"line":27,"column":74}}],"line":27},"6":{"loc":{"start":{"line":52,"column":4},"end":{"line":54,"column":5}},"type":"if","locations":[{"start":{"line":52,"column":4},"end":{"line":54,"column":5}},{"start":{},"end":{}}],"line":52},"7":{"loc":{"start":{"line":52,"column":8},"end":{"line":52,"column":54}},"type":"binary-expr","locations":[{"start":{"line":52,"column":8},"end":{"line":52,"column":14}},{"start":{"line":52,"column":18},"end":{"line":52,"column":27}},{"start":{"line":52,"column":31},"end":{"line":52,"column":41}},{"start":{"line":52,"column":45},"end":{"line":52,"column":54}}],"line":52},"8":{"loc":{"start":{"line":70,"column":4},"end":{"line":72,"column":5}},"type":"if","locations":[{"start":{"line":70,"column":4},"end":{"line":72,"column":5}},{"start":{},"end":{}}],"line":70},"9":{"loc":{"start":{"line":71,"column":22},"end":{"line":71,"column":89}},"type":"binary-expr","locations":[{"start":{"line":71,"column":22},"end":{"line":71,"column":47}},{"start":{"line":71,"column":51},"end":{"line":71,"column":89}}],"line":71},"10":{"loc":{"start":{"line":112,"column":4},"end":{"line":114,"column":5}},"type":"if","locations":[{"start":{"line":112,"column":4},"end":{"line":114,"column":5}},{"start":{},"end":{}}],"line":112},"11":{"loc":{"start":{"line":112,"column":8},"end":{"line":112,"column":31}},"type":"binary-expr","locations":[{"start":{"line":112,"column":8},"end":{"line":112,"column":14}},{"start":{"line":112,"column":18},"end":{"line":112,"column":31}}],"line":112},"12":{"loc":{"start":{"line":122,"column":4},"end":{"line":124,"column":5}},"type":"if","locations":[{"start":{"line":122,"column":4},"end":{"line":124,"column":5}},{"start":{},"end":{}}],"line":122},"13":{"loc":{"start":{"line":131,"column":6},"end":{"line":133,"column":7}},"type":"if","locations":[{"start":{"line":131,"column":6},"end":{"line":133,"column":7}},{"start":{},"end":{}}],"line":131},"14":{"loc":{"start":{"line":138,"column":6},"end":{"line":140,"column":7}},"type":"if","locations":[{"start":{"line":138,"column":6},"end":{"line":140,"column":7}},{"start":{},"end":{}}],"line":138},"15":{"loc":{"start":{"line":150,"column":6},"end":{"line":156,"column":7}},"type":"if","locations":[{"start":{"line":150,"column":6},"end":{"line":156,"column":7}},{"start":{"line":152,"column":13},"end":{"line":156,"column":7}}],"line":150},"16":{"loc":{"start":{"line":152,"column":13},"end":{"line":156,"column":7}},"type":"if","locations":[{"start":{"line":152,"column":13},"end":{"line":156,"column":7}},{"start":{"line":154,"column":13},"end":{"line":156,"column":7}}],"line":152}},"s":{"0":2,"1":2,"2":2,"3":2,"4":2,"5":2,"6":6,"7":2,"8":4,"9":4,"10":1,"11":3,"12":3,"13":2,"14":1,"15":1,"16":1,"17":7,"18":4,"19":3,"20":3,"21":3,"22":3,"23":1,"24":2,"25":2,"26":2,"27":1,"28":2,"29":2,"30":2,"31":2,"32":10,"33":3,"34":7,"35":7,"36":2,"37":5,"38":5,"39":3,"40":1,"41":2,"42":2,"43":1,"44":1,"45":1,"46":4,"47":4,"48":4,"49":1,"50":3,"51":1,"52":2,"53":2},"f":{"0":6,"1":7,"2":10},"b":{"0":[2,4],"1":[6,5],"2":[1,3],"3":[4,3],"4":[2,1],"5":[3,2],"6":[4,3],"7":[7,6,5,4],"8":[1,2],"9":[1,0],"10":[3,7],"11":[10,8],"12":[2,5],"13":[1,2],"14":[1,1],"15":[1,3],"16":[1,2]},"_coverageSchema":"1a1c01bbd47fc00a2c39e90264f33305004495a9","hash":"156e414d62a583628d3676d12363fbe7cd5885d9"}
}
