TN:
SF:src\controllers\auth.controller.js
FN:3,(anonymous_0)
FN:30,(anonymous_1)
FN:65,(anonymous_2)
FN:123,(anonymous_3)
FNF:4
FNH:4
FNDA:4,(anonymous_0)
FNDA:4,(anonymous_1)
FNDA:5,(anonymous_2)
FNDA:1,(anonymous_3)
DA:1,1
DA:3,1
DA:4,4
DA:5,4
DA:6,4
DA:8,1
DA:13,3
DA:15,3
DA:17,2
DA:23,1
DA:30,1
DA:31,4
DA:32,4
DA:33,4
DA:34,4
DA:36,1
DA:42,3
DA:44,3
DA:45,1
DA:51,2
DA:52,1
DA:58,1
DA:65,1
DA:66,5
DA:68,5
DA:70,5
DA:71,1
DA:77,4
DA:79,4
DA:80,1
DA:87,3
DA:89,3
DA:91,1
DA:96,2
DA:98,2
DA:99,1
DA:105,1
DA:110,1
DA:116,0
DA:123,1
DA:124,1
DA:130,1
LF:42
LH:41
BRDA:15,0,0,2
BRDA:15,0,1,1
BRDA:15,1,0,3
BRDA:15,1,1,2
BRDA:44,2,0,1
BRDA:44,2,1,2
BRDA:44,3,0,3
BRDA:44,3,1,1
BRDA:51,4,0,1
BRDA:51,4,1,1
BRDA:70,5,0,1
BRDA:70,5,1,4
BRDA:79,6,0,1
BRDA:79,6,1,3
BRDA:98,7,0,1
BRDA:98,7,1,1
BRDA:98,8,0,2
BRDA:98,8,1,1
BRDA:105,9,0,1
BRDA:105,9,1,0
BRDA:105,10,0,1
BRDA:105,10,1,1
BRDA:105,10,2,1
BRDA:105,10,3,0
BRDA:105,10,4,0
BRF:25
BRH:22
end_of_record
TN:
SF:src\middlewares\authMiddleware.js
FN:7,(anonymous_0)
FN:25,(anonymous_1)
FNF:2
FNH:1
FNDA:9,(anonymous_0)
FNDA:0,(anonymous_1)
DA:1,1
DA:2,1
DA:4,1
DA:5,1
DA:7,1
DA:8,9
DA:9,9
DA:11,9
DA:12,2
DA:19,7
DA:21,4
DA:23,4
DA:25,0
DA:28,3
DA:29,1
DA:35,2
DA:36,2
DA:38,4
DA:40,4
DA:41,1
DA:47,3
DA:48,1
DA:54,2
DA:61,1
LF:24
LH:23
BRDA:9,0,0,9
BRDA:9,0,1,8
BRDA:11,1,0,2
BRDA:11,1,1,7
BRDA:28,2,0,1
BRDA:28,2,1,2
BRDA:28,3,0,3
BRDA:28,3,1,2
BRDA:40,4,0,1
BRDA:40,4,1,3
BRDA:47,5,0,1
BRDA:47,5,1,2
BRF:12
BRH:12
end_of_record
TN:
SF:src\routes\auth.route.js
FNF:0
FNH:0
DA:1,1
DA:2,1
DA:3,1
DA:4,1
DA:6,1
DA:7,1
DA:8,1
DA:9,1
DA:11,1
LF:9
LH:9
BRF:0
BRH:0
end_of_record
TN:
SF:src\services\authService.js
FN:10,(anonymous_0)
FN:51,(anonymous_1)
FN:108,(anonymous_2)
FNF:3
FNH:3
FNDA:6,(anonymous_0)
FNDA:7,(anonymous_1)
FNDA:10,(anonymous_2)
DA:1,2
DA:2,2
DA:3,2
DA:5,2
DA:6,2
DA:7,2
DA:11,6
DA:12,2
DA:16,4
DA:20,4
DA:21,1
DA:24,3
DA:27,3
DA:28,2
DA:32,1
DA:43,1
DA:45,1
DA:52,7
DA:53,4
DA:57,3
DA:60,3
DA:68,3
DA:70,3
DA:71,1
DA:74,2
DA:77,2
DA:78,2
DA:84,1
DA:89,2
DA:100,2
DA:101,2
DA:102,2
DA:112,10
DA:113,3
DA:121,7
DA:122,7
DA:123,2
DA:126,5
DA:128,5
DA:131,3
DA:132,1
DA:136,2
DA:138,2
DA:139,1
DA:142,1
DA:144,1
DA:147,4
DA:148,4
DA:150,4
DA:151,1
DA:152,3
DA:153,1
DA:155,2
DA:161,2
LF:54
LH:54
BRDA:11,0,0,2
BRDA:11,0,1,4
BRDA:11,1,0,6
BRDA:11,1,1,5
BRDA:20,2,0,1
BRDA:20,2,1,3
BRDA:20,3,0,4
BRDA:20,3,1,3
BRDA:27,4,0,2
BRDA:27,4,1,1
BRDA:27,5,0,3
BRDA:27,5,1,2
BRDA:52,6,0,4
BRDA:52,6,1,3
BRDA:52,7,0,7
BRDA:52,7,1,6
BRDA:52,7,2,5
BRDA:52,7,3,4
BRDA:70,8,0,1
BRDA:70,8,1,2
BRDA:71,9,0,1
BRDA:71,9,1,0
BRDA:112,10,0,3
BRDA:112,10,1,7
BRDA:112,11,0,10
BRDA:112,11,1,8
BRDA:122,12,0,2
BRDA:122,12,1,5
BRDA:131,13,0,1
BRDA:131,13,1,2
BRDA:138,14,0,1
BRDA:138,14,1,1
BRDA:150,15,0,1
BRDA:150,15,1,3
BRDA:152,16,0,1
BRDA:152,16,1,2
BRF:36
BRH:35
end_of_record
